# JRE version: OpenJDK Runtime Environment (8.0_91-b14) (build 1.8.0_91-8u91-b14-0ubuntu4~14.04-b14)
# Java VM: OpenJDK 64-Bit Server VM (25.91-b14 mixed mode linux-amd64 compressed oops)
Heap:
 PSYoungGen      total 305664K, used 276480K [0x00000000eab00000, 0x0000000100000000, 0x0000000100000000)
  eden space 276480K, 100% used [0x00000000eab00000,0x00000000fb900000,0x00000000fb900000)
  from space 29184K, 0% used [0x00000000fe380000,0x00000000fe380000,0x0000000100000000)
  to   space 36352K, 6% used [0x00000000fb900000,0x00000000fbb4c010,0x00000000fdc80000)
 ParOldGen       total 86528K, used 61968K [0x00000000c0000000, 0x00000000c5480000, 0x00000000eab00000)
  object space 86528K, 71% used [0x00000000c0000000,0x00000000c3c842a8,0x00000000c5480000)
 Metaspace       used 90731K, capacity 93646K, committed 93992K, reserved 1130496K
  class space    used 11004K, capacity 11958K, committed 12072K, reserved 1048576K
GC Heap History (10 events):
Event: 3207.167 GC heap after
Heap after GC invocations=15 (full 3):
 PSYoungGen      total 316416K, used 16532K [0x00000000eab00000, 0x0000000100000000, 0x0000000100000000)
  eden space 290816K, 0% used [0x00000000eab00000,0x00000000eab00000,0x00000000fc700000)
  from space 25600K, 64% used [0x00000000fe700000,0x00000000ff725058,0x0000000100000000)
  to   space 29184K, 0% used [0x00000000fc700000,0x00000000fc700000,0x00000000fe380000)
 ParOldGen       total 86528K, used 64793K [0x00000000c0000000, 0x00000000c5480000, 0x00000000eab00000)
  object space 86528K, 74% used [0x00000000c0000000,0x00000000c3f46670,0x00000000c5480000)
 Metaspace       used 67261K, capacity 69712K, committed 69800K, reserved 1110016K
  class space    used 8294K, capacity 9068K, committed 9128K, reserved 1048576K
}
Event: 3207.167 GC heap before
{Heap before GC invocations=16 (full 4):
 PSYoungGen      total 316416K, used 16532K [0x00000000eab00000, 0x0000000100000000, 0x0000000100000000)
  eden space 290816K, 0% used [0x00000000eab00000,0x00000000eab00000,0x00000000fc700000)
  from space 25600K, 64% used [0x00000000fe700000,0x00000000ff725058,0x0000000100000000)
  to   space 29184K, 0% used [0x00000000fc700000,0x00000000fc700000,0x00000000fe380000)
 ParOldGen       total 86528K, used 64793K [0x00000000c0000000, 0x00000000c5480000, 0x00000000eab00000)
  object space 86528K, 74% used [0x00000000c0000000,0x00000000c3f46670,0x00000000c5480000)
 Metaspace       used 67261K, capacity 69712K, committed 69800K, reserved 1110016K
  class space    used 8294K, capacity 9068K, committed 9128K, reserved 1048576K
Event: 3225.280 GC heap after
Heap after GC invocations=16 (full 4):
 PSYoungGen      total 316416K, used 0K [0x00000000eab00000, 0x0000000100000000, 0x0000000100000000)
  eden space 290816K, 0% used [0x00000000eab00000,0x00000000eab00000,0x00000000fc700000)
  from space 25600K, 0% used [0x00000000fe700000,0x00000000fe700000,0x0000000100000000)
  to   space 29184K, 0% used [0x00000000fc700000,0x00000000fc700000,0x00000000fe380000)
 ParOldGen       total 86528K, used 46578K [0x00000000c0000000, 0x00000000c5480000, 0x00000000eab00000)
  object space 86528K, 53% used [0x00000000c0000000,0x00000000c2d7c808,0x00000000c5480000)
 Metaspace       used 66357K, capacity 67810K, committed 69800K, reserved 1110016K
  class space    used 8021K, capacity 8462K, committed 9128K, reserved 1048576K
}
Event: 4494.463 GC heap before
{Heap before GC invocations=17 (full 4):
 PSYoungGen      total 316416K, used 290816K [0x00000000eab00000, 0x0000000100000000, 0x0000000100000000)
  eden space 290816K, 100% used [0x00000000eab00000,0x00000000fc700000,0x00000000fc700000)
  from space 25600K, 0% used [0x00000000fe700000,0x00000000fe700000,0x0000000100000000)
  to   space 29184K, 0% used [0x00000000fc700000,0x00000000fc700000,0x00000000fe380000)
 ParOldGen       total 86528K, used 46578K [0x00000000c0000000, 0x00000000c5480000, 0x00000000eab00000)
  object space 86528K, 53% used [0x00000000c0000000,0x00000000c2d7c808,0x00000000c5480000)
 Metaspace       used 73660K, capacity 76002K, committed 76584K, reserved 1116160K
  class space    used 9113K, capacity 9858K, committed 10024K, reserved 1048576K
Event: 4494.993 GC heap after
Heap after GC invocations=17 (full 4):
 PSYoungGen      total 320000K, used 29086K [0x00000000eab00000, 0x0000000100000000, 0x0000000100000000)
  eden space 290816K, 0% used [0x00000000eab00000,0x00000000eab00000,0x00000000fc700000)
  from space 29184K, 99% used [0x00000000fc700000,0x00000000fe367910,0x00000000fe380000)
  to   space 29184K, 0% used [0x00000000fe380000,0x00000000fe380000,0x0000000100000000)
 ParOldGen       total 86528K, used 46586K [0x00000000c0000000, 0x00000000c5480000, 0x00000000eab00000)
  object space 86528K, 53% used [0x00000000c0000000,0x00000000c2d7e808,0x00000000c5480000)
 Metaspace       used 73660K, capacity 76002K, committed 76584K, reserved 1116160K
  class space    used 9113K, capacity 9858K, committed 10024K, reserved 1048576K
}
Event: 4516.554 GC heap before
{Heap before GC invocations=18 (full 4):
 PSYoungGen      total 320000K, used 263573K [0x00000000eab00000, 0x0000000100000000, 0x0000000100000000)
  eden space 290816K, 80% used [0x00000000eab00000,0x00000000f8ffdcb8,0x00000000fc700000)
  from space 29184K, 99% used [0x00000000fc700000,0x00000000fe367910,0x00000000fe380000)
  to   space 29184K, 0% used [0x00000000fe380000,0x00000000fe380000,0x0000000100000000)
 ParOldGen       total 86528K, used 46586K [0x00000000c0000000, 0x00000000c5480000, 0x00000000eab00000)
  object space 86528K, 53% used [0x00000000c0000000,0x00000000c2d7e808,0x00000000c5480000)
 Metaspace       used 83991K, capacity 86376K, committed 87080K, reserved 1126400K
  class space    used 10050K, capacity 10833K, committed 11048K, reserved 1048576K
Event: 4516.933 GC heap after
Heap after GC invocations=18 (full 4):
 PSYoungGen      total 305664K, used 28385K [0x00000000eab00000, 0x0000000100000000, 0x0000000100000000)
  eden space 276480K, 0% used [0x00000000eab00000,0x00000000eab00000,0x00000000fb900000)
  from space 29184K, 97% used [0x00000000fe380000,0x00000000fff38798,0x0000000100000000)
  to   space 36352K, 0% used [0x00000000fb900000,0x00000000fb900000,0x00000000fdc80000)
 ParOldGen       total 86528K, used 46594K [0x00000000c0000000, 0x00000000c5480000, 0x00000000eab00000)
  object space 86528K, 53% used [0x00000000c0000000,0x00000000c2d80808,0x00000000c5480000)
 Metaspace       used 83991K, capacity 86376K, committed 87080K, reserved 1126400K
  class space    used 10050K, capacity 10833K, committed 11048K, reserved 1048576K
}
Event: 4516.933 GC heap before
{Heap before GC invocations=19 (full 5):
 PSYoungGen      total 305664K, used 28385K [0x00000000eab00000, 0x0000000100000000, 0x0000000100000000)
  eden space 276480K, 0% used [0x00000000eab00000,0x00000000eab00000,0x00000000fb900000)
  from space 29184K, 97% used [0x00000000fe380000,0x00000000fff38798,0x0000000100000000)
  to   space 36352K, 0% used [0x00000000fb900000,0x00000000fb900000,0x00000000fdc80000)
 ParOldGen       total 86528K, used 46594K [0x00000000c0000000, 0x00000000c5480000, 0x00000000eab00000)
  object space 86528K, 53% used [0x00000000c0000000,0x00000000c2d80808,0x00000000c5480000)
 Metaspace       used 83991K, capacity 86376K, committed 87080K, reserved 1126400K
  class space    used 10050K, capacity 10833K, committed 11048K, reserved 1048576K
Event: 4523.564 GC heap after
Heap after GC invocations=19 (full 5):
 PSYoungGen      total 305664K, used 0K [0x00000000eab00000, 0x0000000100000000, 0x0000000100000000)
  eden space 276480K, 0% used [0x00000000eab00000,0x00000000eab00000,0x00000000fb900000)
  from space 29184K, 0% used [0x00000000fe380000,0x00000000fe380000,0x0000000100000000)
  to   space 36352K, 0% used [0x00000000fb900000,0x00000000fb900000,0x00000000fdc80000)
 ParOldGen       total 86528K, used 61968K [0x00000000c0000000, 0x00000000c5480000, 0x00000000eab00000)
  object space 86528K, 71% used [0x00000000c0000000,0x00000000c3c842a8,0x00000000c5480000)
 Metaspace       used 83530K, capacity 85446K, committed 87080K, reserved 1126400K
  class space    used 9919K, capacity 10578K, committed 11048K, reserved 1048576K
}
Event: 6098.568 GC heap before
{Heap before GC invocations=20 (full 5):
 PSYoungGen      total 305664K, used 276480K [0x00000000eab00000, 0x0000000100000000, 0x0000000100000000)
  eden space 276480K, 100% used [0x00000000eab00000,0x00000000fb900000,0x00000000fb900000)
  from space 29184K, 0% used [0x00000000fe380000,0x00000000fe380000,0x0000000100000000)
  to   space 36352K, 0% used [0x00000000fb900000,0x00000000fb900000,0x00000000fdc80000)
 ParOldGen       total 86528K, used 61968K [0x00000000c0000000, 0x00000000c5480000, 0x00000000eab00000)
  object space 86528K, 71% used [0x00000000c0000000,0x00000000c3c842a8,0x00000000c5480000)
 Metaspace       used 90731K, capacity 93646K, committed 93992K, reserved 1130496K
  class space    used 11004K, capacity 11958K, committed 12072K, reserved 1048576K

