# JRE version: OpenJDK Runtime Environment (8.0_91-b14) (build 1.8.0_91-8u91-b14-0ubuntu4~14.04-b14)
# Java VM: OpenJDK 64-Bit Server VM (25.91-b14 mixed mode linux-amd64 compressed oops)
Heap:
 PSYoungGen      total 52736K, used 52713K [0x00000000eab00000, 0x00000000ee200000, 0x0000000100000000)
  eden space 49152K, 100% used [0x00000000eab00000,0x00000000edb00000,0x00000000edb00000)
  from space 3584K, 99% used [0x00000000ede80000,0x00000000ee1fa650,0x00000000ee200000)
  to   space 3584K, 99% used [0x00000000edb00000,0x00000000ede7c030,0x00000000ede80000)
 ParOldGen       total 64512K, used 3950K [0x00000000c0000000, 0x00000000c3f00000, 0x00000000eab00000)
  object space 64512K, 6% used [0x00000000c0000000,0x00000000c03dbbe0,0x00000000c3f00000)
 Metaspace       used 17162K, capacity 17556K, committed 17792K, reserved 1064960K
  class space    used 2298K, capacity 2424K, committed 2432K, reserved 1048576K
GC Heap History (5 events):
Event: 1.762 GC heap before
{Heap before GC invocations=1 (full 0):
 PSYoungGen      total 28160K, used 24576K [0x00000000eab00000, 0x00000000eca00000, 0x0000000100000000)
  eden space 24576K, 100% used [0x00000000eab00000,0x00000000ec300000,0x00000000ec300000)
  from space 3584K, 0% used [0x00000000ec680000,0x00000000ec680000,0x00000000eca00000)
  to   space 3584K, 0% used [0x00000000ec300000,0x00000000ec300000,0x00000000ec680000)
 ParOldGen       total 64512K, used 0K [0x00000000c0000000, 0x00000000c3f00000, 0x00000000eab00000)
  object space 64512K, 0% used [0x00000000c0000000,0x00000000c0000000,0x00000000c3f00000)
 Metaspace       used 6450K, capacity 6568K, committed 6784K, reserved 1056768K
  class space    used 813K, capacity 888K, committed 896K, reserved 1048576K
Event: 1.787 GC heap after
Heap after GC invocations=1 (full 0):
 PSYoungGen      total 28160K, used 3563K [0x00000000eab00000, 0x00000000ee200000, 0x0000000100000000)
  eden space 24576K, 0% used [0x00000000eab00000,0x00000000eab00000,0x00000000ec300000)
  from space 3584K, 99% used [0x00000000ec300000,0x00000000ec67ae08,0x00000000ec680000)
  to   space 3584K, 0% used [0x00000000ede80000,0x00000000ede80000,0x00000000ee200000)
 ParOldGen       total 64512K, used 54K [0x00000000c0000000, 0x00000000c3f00000, 0x00000000eab00000)
  object space 64512K, 0% used [0x00000000c0000000,0x00000000c000d9e0,0x00000000c3f00000)
 Metaspace       used 6450K, capacity 6568K, committed 6784K, reserved 1056768K
  class space    used 813K, capacity 888K, committed 896K, reserved 1048576K
}
Event: 2.942 GC heap before
{Heap before GC invocations=2 (full 0):
 PSYoungGen      total 28160K, used 28139K [0x00000000eab00000, 0x00000000ee200000, 0x0000000100000000)
  eden space 24576K, 100% used [0x00000000eab00000,0x00000000ec300000,0x00000000ec300000)
  from space 3584K, 99% used [0x00000000ec300000,0x00000000ec67ae08,0x00000000ec680000)
  to   space 3584K, 0% used [0x00000000ede80000,0x00000000ede80000,0x00000000ee200000)
 ParOldGen       total 64512K, used 54K [0x00000000c0000000, 0x00000000c3f00000, 0x00000000eab00000)
  object space 64512K, 0% used [0x00000000c0000000,0x00000000c000d9e0,0x00000000c3f00000)
 Metaspace       used 10369K, capacity 10678K, committed 10752K, reserved 1058816K
  class space    used 1365K, capacity 1481K, committed 1536K, reserved 1048576K
Event: 2.969 GC heap after
Heap after GC invocations=2 (full 0):
 PSYoungGen      total 52736K, used 3561K [0x00000000eab00000, 0x00000000ee200000, 0x0000000100000000)
  eden space 49152K, 0% used [0x00000000eab00000,0x00000000eab00000,0x00000000edb00000)
  from space 3584K, 99% used [0x00000000ede80000,0x00000000ee1fa650,0x00000000ee200000)
  to   space 3584K, 0% used [0x00000000edb00000,0x00000000edb00000,0x00000000ede80000)
 ParOldGen       total 64512K, used 1130K [0x00000000c0000000, 0x00000000c3f00000, 0x00000000eab00000)
  object space 64512K, 1% used [0x00000000c0000000,0x00000000c011a928,0x00000000c3f00000)
 Metaspace       used 10369K, capacity 10678K, committed 10752K, reserved 1058816K
  class space    used 1365K, capacity 1481K, committed 1536K, reserved 1048576K
}
Event: 7.232 GC heap before
{Heap before GC invocations=3 (full 0):
 PSYoungGen      total 52736K, used 52713K [0x00000000eab00000, 0x00000000ee200000, 0x0000000100000000)
  eden space 49152K, 100% used [0x00000000eab00000,0x00000000edb00000,0x00000000edb00000)
  from space 3584K, 99% used [0x00000000ede80000,0x00000000ee1fa650,0x00000000ee200000)
  to   space 3584K, 0% used [0x00000000edb00000,0x00000000edb00000,0x00000000ede80000)
 ParOldGen       total 64512K, used 1130K [0x00000000c0000000, 0x00000000c3f00000, 0x00000000eab00000)
  object space 64512K, 1% used [0x00000000c0000000,0x00000000c011a928,0x00000000c3f00000)
 Metaspace       used 17162K, capacity 17556K, committed 17792K, reserved 1064960K
  class space    used 2298K, capacity 2424K, committed 2432K, reserved 1048576K

